<?xml version="1.0" encoding="UTF-8"?>
<!-- Generated by org.testng.reporters.JUnitReportReporter -->
<testsuite hostname="DESKTOP-5MTOC72" failures="0" tests="1" name="com.mvnseliniumproj.LoginFunctionality" time="10.575" errors="0" timestamp="2022-05-10T21:17:48 IST" skipped="0">
  <testcase classname="com.mvnseliniumproj.LoginFunctionality" name="tc02_verifyLoginFunctionality_POM_PF" time="10.575"/>
  <system-out/>
</testsuite> <!-- com.mvnseliniumproj.LoginFunctionality -->
